  BridgePattern.cpp
c1xx : fatal  error C1083: 소스 파일을 열 수 없습니다. 'BridgePattern.cpp': No such file or directory
  CommandPattern.cpp
c1xx : fatal  error C1083: 소스 파일을 열 수 없습니다. 'CommandPattern.cpp': No such file or directory
  FactoryMethod.cpp
c1xx : fatal  error C1083: 소스 파일을 열 수 없습니다. 'FactoryMethod.cpp': No such file or directory
  Hash_1.cpp
c1xx : fatal  error C1083: 소스 파일을 열 수 없습니다. 'Hash_1.cpp': No such file or directory
  Hash_2.cpp
c1xx : fatal  error C1083: 소스 파일을 열 수 없습니다. 'Hash_2.cpp': No such file or directory
  Hash_3.cpp
c1xx : fatal  error C1083: 소스 파일을 열 수 없습니다. 'Hash_3.cpp': No such file or directory
  Hash_4.cpp
c1xx : fatal  error C1083: 소스 파일을 열 수 없습니다. 'Hash_4.cpp': No such file or directory
  Hash_5.cpp
c1xx : fatal  error C1083: 소스 파일을 열 수 없습니다. 'Hash_5.cpp': No such file or directory
  SQ_1.cpp
c1xx : fatal  error C1083: 소스 파일을 열 수 없습니다. 'SQ_1.cpp': No such file or directory
  SQ_2.cpp
c1xx : fatal  error C1083: 소스 파일을 열 수 없습니다. 'SQ_2.cpp': No such file or directory
  SQ_3.cpp
c1xx : fatal  error C1083: 소스 파일을 열 수 없습니다. 'SQ_3.cpp': No such file or directory
  SQ_4.cpp
c1xx : fatal  error C1083: 소스 파일을 열 수 없습니다. 'SQ_4.cpp': No such file or directory
  코드를 생성하고 있습니다...
