c:\users\ysm0707\source\repos\algowithcpp\algorithm\x64\debug\vc143.pdb
c:\users\ysm0707\source\repos\algowithcpp\algorithm\x64\debug\vc143.idb
c:\users\ysm0707\source\repos\algowithcpp\algorithm\x64\debug\sq_6.obj
c:\users\ysm0707\source\repos\algowithcpp\algorithm\x64\debug\sq_5.obj
c:\users\ysm0707\source\repos\algowithcpp\algorithm\x64\debug\sq_4.obj
c:\users\ysm0707\source\repos\algowithcpp\algorithm\x64\debug\sq_3.obj
c:\users\ysm0707\source\repos\algowithcpp\algorithm\x64\debug\sq_2.obj
c:\users\ysm0707\source\repos\algowithcpp\algorithm\x64\debug\sq_1.obj
c:\users\ysm0707\source\repos\algowithcpp\algorithm\x64\debug\hash_5.obj
c:\users\ysm0707\source\repos\algowithcpp\algorithm\x64\debug\hash_4.obj
c:\users\ysm0707\source\repos\algowithcpp\algorithm\x64\debug\hash_3.obj
c:\users\ysm0707\source\repos\algowithcpp\algorithm\x64\debug\hash_2.obj
c:\users\ysm0707\source\repos\algowithcpp\algorithm\x64\debug\hash_1.obj
c:\users\ysm0707\source\repos\algowithcpp\algorithm\x64\debug\algorithm.ilk
c:\users\ysm0707\source\repos\algowithcpp\x64\debug\algorithm.exe
c:\users\ysm0707\source\repos\algowithcpp\x64\debug\algorithm.pdb
c:\users\ysm0707\source\repos\algowithcpp\algorithm\x64\debug\algorithm.tlog\cl.command.1.tlog
c:\users\ysm0707\source\repos\algowithcpp\algorithm\x64\debug\algorithm.tlog\cl.items.tlog
c:\users\ysm0707\source\repos\algowithcpp\algorithm\x64\debug\algorithm.tlog\cl.read.1.tlog
c:\users\ysm0707\source\repos\algowithcpp\algorithm\x64\debug\algorithm.tlog\cl.write.1.tlog
c:\users\ysm0707\source\repos\algowithcpp\algorithm\x64\debug\algorithm.tlog\link.command.1.tlog
c:\users\ysm0707\source\repos\algowithcpp\algorithm\x64\debug\algorithm.tlog\link.read.1.tlog
c:\users\ysm0707\source\repos\algowithcpp\algorithm\x64\debug\algorithm.tlog\link.write.1.tlog
